2025-10-30 09:10:22,627 [INFO] Loading H&E image: /Users/jjoseph/.tissuumaps/plugins/he.tiff
2025-10-30 09:10:25,824 [INFO] Loading sparse labels: /Users/jjoseph/.tissuumaps/plugins/he.npz
2025-10-30 09:10:26,442 [INFO] Loading AnnData: /Users/jjoseph/.tissuumaps/plugins/P2_CRC_annotated.h5ad
2025-10-30 09:13:16,302 [INFO] Loading H&E image: /Users/jjoseph/.tissuumaps/plugins/he.tiff
2025-10-30 09:13:19,414 [INFO] Loading sparse labels: /Users/jjoseph/.tissuumaps/plugins/he.npz
2025-10-30 09:13:19,879 [INFO] Loading AnnData: /Users/jjoseph/.tissuumaps/plugins/P2_CRC_annotated.h5ad
2025-10-30 09:25:47,318 [ERROR] Load a dataset first.
Traceback (most recent call last):
  File "/Users/jjoseph/.tissuumaps/plugins/Bin2CellExplorer.py", line 695, in get_overlay
    entry = self._tile_entry(
  File "/Users/jjoseph/.tissuumaps/plugins/Bin2CellExplorer.py", line 627, in _tile_entry
    ctx = self._ensure_context()
  File "/Users/jjoseph/.tissuumaps/plugins/Bin2CellExplorer.py", line 423, in _ensure_context
    raise RuntimeError("Load a dataset first.")
RuntimeError: Load a dataset first.
2025-10-30 09:41:59,619 [INFO] Loading H&E image: /Users/jjoseph/.tissuumaps/plugins/he.tiff
2025-10-30 09:42:02,978 [INFO] Loading sparse labels: /Users/jjoseph/.tissuumaps
2025-10-30 09:42:02,979 [ERROR] Failed to load dataset: [Errno 21] Is a directory: '/Users/jjoseph/.tissuumaps'
Traceback (most recent call last):
  File "/Users/jjoseph/.tissuumaps/plugins/Bin2CellExplorer.py", line 520, in load_dataset
    ctx = B2CContext(
  File "/Users/jjoseph/.tissuumaps/plugins/Bin2CellExplorer.py", line 98, in __init__
    self.lab_sp = load_npz(labels_npz_path)
  File "/Users/jjoseph/miniconda3/envs/tissuumaps_env/lib/python3.9/site-packages/scipy/sparse/_matrix_io.py", line 134, in load_npz
    with np.load(file, **PICKLE_KWARGS) as loaded:
  File "/Users/jjoseph/miniconda3/envs/tissuumaps_env/lib/python3.9/site-packages/numpy/lib/npyio.py", line 427, in load
    fid = stack.enter_context(open(os_fspath(file), "rb"))
IsADirectoryError: [Errno 21] Is a directory: '/Users/jjoseph/.tissuumaps'
2025-10-30 09:43:36,939 [INFO] Loading H&E image: /Users/jjoseph/.tissuumaps/plugins/he.tiff
2025-10-30 09:43:40,766 [INFO] Loading sparse labels: /Users/jjoseph/.tissuumaps/plugins/he.npz
2025-10-30 09:43:41,426 [INFO] Loading AnnData: /Users/jjoseph/.tissuumaps/plugins/P2_CRC_annotated.h5ad
2025-10-30 09:43:43,524 [INFO] Dataset loaded successfully: 224 tiles
2025-10-30 09:43:57,687 [ERROR] Load a dataset first.
Traceback (most recent call last):
  File "/Users/jjoseph/.tissuumaps/plugins/Bin2CellExplorer.py", line 695, in get_overlay
    entry = self._tile_entry(
  File "/Users/jjoseph/.tissuumaps/plugins/Bin2CellExplorer.py", line 627, in _tile_entry
    ctx = self._ensure_context()
  File "/Users/jjoseph/.tissuumaps/plugins/Bin2CellExplorer.py", line 423, in _ensure_context
    raise RuntimeError("Load a dataset first.")
RuntimeError: Load a dataset first.
2025-10-30 09:44:37,912 [INFO] Loading H&E image: /Users/jjoseph/.tissuumaps/plugins/he.tiff
2025-10-30 09:44:37,912 [INFO] Loading H&E image: /Users/jjoseph/.tissuumaps/plugins/he.tiff
2025-10-30 09:44:37,912 [INFO] Loading H&E image: /Users/jjoseph/.tissuumaps/plugins/he.tiff
2025-10-30 09:44:37,912 [INFO] Loading H&E image: /Users/jjoseph/.tissuumaps/plugins/he.tiff
2025-10-30 09:44:37,912 [INFO] Loading H&E image: /Users/jjoseph/.tissuumaps/plugins/he.tiff
2025-10-30 09:44:37,912 [INFO] Loading H&E image: /Users/jjoseph/.tissuumaps/plugins/he.tiff
2025-10-30 09:44:37,912 [INFO] Loading H&E image: /Users/jjoseph/.tissuumaps/plugins/he.tiff
2025-10-30 09:44:37,912 [INFO] Loading H&E image: /Users/jjoseph/.tissuumaps/plugins/he.tiff
2025-10-30 09:44:37,912 [INFO] Loading H&E image: /Users/jjoseph/.tissuumaps/plugins/he.tiff
2025-10-30 09:44:46,704 [INFO] Loading sparse labels: /Users/jjoseph/.tissuumaps/plugins/he.npz
2025-10-30 09:44:46,704 [INFO] Loading sparse labels: /Users/jjoseph/.tissuumaps/plugins/he.npz
2025-10-30 09:44:46,704 [INFO] Loading sparse labels: /Users/jjoseph/.tissuumaps/plugins/he.npz
2025-10-30 09:44:46,712 [INFO] Loading sparse labels: /Users/jjoseph/.tissuumaps/plugins/he.npz
2025-10-30 09:44:46,712 [INFO] Loading sparse labels: /Users/jjoseph/.tissuumaps/plugins/he.npz
2025-10-30 09:44:46,712 [INFO] Loading sparse labels: /Users/jjoseph/.tissuumaps/plugins/he.npz
2025-10-30 09:44:46,732 [INFO] Loading sparse labels: /Users/jjoseph/.tissuumaps/plugins/he.npz
2025-10-30 09:44:46,732 [INFO] Loading sparse labels: /Users/jjoseph/.tissuumaps/plugins/he.npz
2025-10-30 09:44:46,732 [INFO] Loading sparse labels: /Users/jjoseph/.tissuumaps/plugins/he.npz
2025-10-30 09:44:48,094 [INFO] Loading AnnData: /Users/jjoseph/.tissuumaps/plugins/P2_CRC_annotated.h5ad
2025-10-30 09:44:48,094 [INFO] Loading AnnData: /Users/jjoseph/.tissuumaps/plugins/P2_CRC_annotated.h5ad
2025-10-30 09:44:48,094 [INFO] Loading AnnData: /Users/jjoseph/.tissuumaps/plugins/P2_CRC_annotated.h5ad
2025-10-30 09:44:48,094 [INFO] Loading AnnData: /Users/jjoseph/.tissuumaps/plugins/P2_CRC_annotated.h5ad
2025-10-30 09:44:48,094 [INFO] Loading AnnData: /Users/jjoseph/.tissuumaps/plugins/P2_CRC_annotated.h5ad
2025-10-30 09:44:48,094 [INFO] Loading AnnData: /Users/jjoseph/.tissuumaps/plugins/P2_CRC_annotated.h5ad
2025-10-30 09:44:48,094 [INFO] Loading AnnData: /Users/jjoseph/.tissuumaps/plugins/P2_CRC_annotated.h5ad
2025-10-30 09:44:48,094 [INFO] Loading AnnData: /Users/jjoseph/.tissuumaps/plugins/P2_CRC_annotated.h5ad
2025-10-30 09:44:48,094 [INFO] Loading AnnData: /Users/jjoseph/.tissuumaps/plugins/P2_CRC_annotated.h5ad
2025-10-30 09:45:06,180 [INFO] Loading H&E image: /Users/jjoseph/.tissuumaps/plugins/he.tiff
2025-10-30 09:45:10,950 [INFO] Loading sparse labels: /Users/jjoseph/.tissuumaps/plugins/he.npz
2025-10-30 09:45:12,299 [INFO] Loading AnnData: /Users/jjoseph/.tissuumaps/plugins/P2_CRC_annotated.h5ad
2025-10-30 09:45:14,546 [INFO] Dataset loaded successfully: 224 tiles
2025-10-30 09:46:36,831 [ERROR] Load a dataset first.
Traceback (most recent call last):
  File "/Users/jjoseph/.tissuumaps/plugins/Bin2CellExplorer.py", line 701, in get_overlay
    entry = self._tile_entry(
  File "/Users/jjoseph/.tissuumaps/plugins/Bin2CellExplorer.py", line 631, in _tile_entry
    ctx = self._ensure_context()
  File "/Users/jjoseph/.tissuumaps/plugins/Bin2CellExplorer.py", line 424, in _ensure_context
    raise RuntimeError("Load a dataset first.")
RuntimeError: Load a dataset first.
2025-10-30 09:47:00,537 [ERROR] Load a dataset first.
Traceback (most recent call last):
  File "/Users/jjoseph/.tissuumaps/plugins/Bin2CellExplorer.py", line 701, in get_overlay
    entry = self._tile_entry(
  File "/Users/jjoseph/.tissuumaps/plugins/Bin2CellExplorer.py", line 631, in _tile_entry
    ctx = self._ensure_context()
  File "/Users/jjoseph/.tissuumaps/plugins/Bin2CellExplorer.py", line 424, in _ensure_context
    raise RuntimeError("Load a dataset first.")
RuntimeError: Load a dataset first.
2025-10-30 09:49:37,031 [INFO] Loading H&E image: /Users/jjoseph/.tissuumaps/plugins/he.tiff
2025-10-30 09:49:40,455 [INFO] Loading sparse labels: /Users/jjoseph/.tissuumaps/plugins/he.npz
2025-10-30 09:49:41,030 [INFO] Loading AnnData: /Users/jjoseph/.tissuumaps/plugins/P2_CRC_annotated.h5ad
2025-10-30 09:49:43,186 [INFO] Dataset loaded successfully: 224 tiles
2025-10-30 09:50:24,867 [INFO] Rehydrating dataset from cached config.
2025-10-30 09:50:24,867 [INFO] Loading H&E image: /Users/jjoseph/.tissuumaps/plugins/he.tiff
2025-10-30 09:50:28,907 [INFO] Loading sparse labels: /Users/jjoseph/.tissuumaps/plugins/he.npz
2025-10-30 09:50:29,618 [INFO] Loading AnnData: /Users/jjoseph/.tissuumaps/plugins/P2_CRC_annotated.h5ad
2025-10-30 09:50:41,471 [INFO] Rehydrating dataset from cached config.
2025-10-30 09:50:41,471 [INFO] Loading H&E image: /Users/jjoseph/.tissuumaps/plugins/he.tiff
2025-10-30 09:50:45,066 [INFO] Loading sparse labels: /Users/jjoseph/.tissuumaps/plugins/he.npz
2025-10-30 09:50:45,773 [INFO] Loading AnnData: /Users/jjoseph/.tissuumaps/plugins/P2_CRC_annotated.h5ad
2025-10-30 09:51:45,464 [INFO] Rehydrating dataset from cached config.
2025-10-30 09:51:45,465 [INFO] Loading H&E image: /Users/jjoseph/.tissuumaps/plugins/he.tiff
2025-10-30 09:51:50,247 [INFO] Loading sparse labels: /Users/jjoseph/.tissuumaps/plugins/he.npz
2025-10-30 09:51:50,912 [INFO] Loading AnnData: /Users/jjoseph/.tissuumaps/plugins/P2_CRC_annotated.h5ad
2025-10-30 09:53:04,034 [INFO] Rehydrating dataset from cached config.
2025-10-30 09:53:04,035 [INFO] Loading H&E image: /Users/jjoseph/.tissuumaps/plugins/he.tiff
2025-10-30 09:53:07,710 [INFO] Loading sparse labels: /Users/jjoseph/.tissuumaps/plugins/he.npz
2025-10-30 09:53:08,340 [INFO] Loading AnnData: /Users/jjoseph/.tissuumaps/plugins/P2_CRC_annotated.h5ad
2025-10-30 09:55:43,314 [INFO] Rehydrating dataset from cached config.
2025-10-30 09:55:43,315 [INFO] Loading H&E image: /Users/jjoseph/.tissuumaps/plugins/he.tiff
2025-10-30 09:55:47,235 [INFO] Loading sparse labels: /Users/jjoseph/.tissuumaps/plugins/he.npz
2025-10-30 09:55:47,823 [INFO] Loading AnnData: /Users/jjoseph/.tissuumaps/plugins/P2_CRC_annotated.h5ad
2025-10-30 09:57:10,799 [INFO] Rehydrating dataset from cached config.
2025-10-30 09:57:10,800 [INFO] Loading H&E image: /Users/jjoseph/.tissuumaps/plugins/he.tiff
2025-10-30 09:57:15,035 [INFO] Loading sparse labels: /Users/jjoseph/.tissuumaps/plugins/he.npz
2025-10-30 09:57:15,665 [INFO] Loading AnnData: /Users/jjoseph/.tissuumaps/plugins/P2_CRC_annotated.h5ad
2025-10-30 09:57:42,239 [ERROR] Failed to build overlay: _rgba_to_css() takes 1 positional argument but 2 were given
Traceback (most recent call last):
  File "/Users/jjoseph/.tissuumaps/plugins/Bin2CellExplorer.py", line 739, in get_overlay
    payload = self._prepare_obs_overlay(entry, params)
  File "/Users/jjoseph/.tissuumaps/plugins/Bin2CellExplorer.py", line 975, in _prepare_obs_overlay
    cat_to_color = {cat: _rgba_to_css(cmap(i / max(1, len(categories_sorted) - 1)), overlay_alpha) for i, cat in enumerate(categories_sorted)}
  File "/Users/jjoseph/.tissuumaps/plugins/Bin2CellExplorer.py", line 975, in <dictcomp>
    cat_to_color = {cat: _rgba_to_css(cmap(i / max(1, len(categories_sorted) - 1)), overlay_alpha) for i, cat in enumerate(categories_sorted)}
TypeError: _rgba_to_css() takes 1 positional argument but 2 were given
2025-10-30 09:58:19,294 [INFO] Rehydrating dataset from cached config.
2025-10-30 09:58:19,294 [INFO] Loading H&E image: /Users/jjoseph/.tissuumaps/plugins/he.tiff
2025-10-30 09:58:23,120 [INFO] Loading sparse labels: /Users/jjoseph/.tissuumaps/plugins/he.npz
2025-10-30 09:58:23,797 [INFO] Loading AnnData: /Users/jjoseph/.tissuumaps/plugins/P2_CRC_annotated.h5ad
2025-10-30 09:59:57,802 [INFO] Rehydrating dataset from cached config.
2025-10-30 09:59:57,803 [INFO] Loading H&E image: /Users/jjoseph/.tissuumaps/plugins/he.tiff
2025-10-30 10:00:01,578 [INFO] Loading sparse labels: /Users/jjoseph/.tissuumaps/plugins/he.npz
2025-10-30 10:00:02,359 [INFO] Loading AnnData: /Users/jjoseph/.tissuumaps/plugins/P2_CRC_annotated.h5ad
2025-10-30 10:10:33,917 [INFO] Dataset already loaded; reusing cached context.
2025-10-30 10:10:33,917 [INFO] Rehydrating dataset from cached config.
2025-10-30 10:10:33,918 [INFO] Loading H&E image: /Users/jjoseph/.tissuumaps/plugins/he.tiff
2025-10-30 10:10:37,339 [INFO] Loading sparse labels: /Users/jjoseph/.tissuumaps/plugins/he.npz
2025-10-30 10:10:37,982 [INFO] Loading AnnData: /Users/jjoseph/.tissuumaps/plugins/P2_CRC_annotated.h5ad
2025-10-30 10:11:28,256 [INFO] Rehydrating dataset from cached config.
2025-10-30 10:11:28,256 [INFO] Loading H&E image: /Users/jjoseph/.tissuumaps/plugins/he.tiff
2025-10-30 10:11:31,662 [INFO] Loading sparse labels: /Users/jjoseph/.tissuumaps/plugins/he.npz
2025-10-30 10:11:32,408 [INFO] Loading AnnData: /Users/jjoseph/.tissuumaps/plugins/P2_CRC_annotated.h5ad
2025-10-30 10:12:55,498 [INFO] Rehydrating dataset from cached config.
2025-10-30 10:12:55,499 [INFO] Loading H&E image: /Users/jjoseph/.tissuumaps/plugins/he.tiff
2025-10-30 10:12:58,992 [INFO] Loading sparse labels: /Users/jjoseph/.tissuumaps/plugins/he.npz
2025-10-30 10:12:59,639 [INFO] Loading AnnData: /Users/jjoseph/.tissuumaps/plugins/P2_CRC_annotated.h5ad
2025-10-30 10:14:17,785 [INFO] Rehydrating dataset from cached config.
2025-10-30 10:14:17,787 [INFO] Loading H&E image: /Users/jjoseph/.tissuumaps/plugins/he.tiff
2025-10-30 10:14:21,855 [INFO] Loading sparse labels: /Users/jjoseph/.tissuumaps/plugins/he.npz
2025-10-30 10:14:22,482 [INFO] Loading AnnData: /Users/jjoseph/.tissuumaps/plugins/P2_CRC_annotated.h5ad
2025-10-30 10:15:21,698 [INFO] Rehydrating dataset from cached config.
2025-10-30 10:15:21,699 [INFO] Loading H&E image: /Users/jjoseph/.tissuumaps/plugins/he.tiff
2025-10-30 10:15:25,071 [INFO] Loading sparse labels: /Users/jjoseph/.tissuumaps/plugins/he.npz
2025-10-30 10:15:25,654 [INFO] Loading AnnData: /Users/jjoseph/.tissuumaps/plugins/P2_CRC_annotated.h5ad
2025-10-30 10:16:34,825 [INFO] Rehydrating dataset from cached config.
2025-10-30 10:16:34,826 [INFO] Loading H&E image: /Users/jjoseph/.tissuumaps/plugins/he.tiff
2025-10-30 10:16:38,605 [INFO] Loading sparse labels: /Users/jjoseph/.tissuumaps/plugins/he.npz
2025-10-30 10:16:39,151 [INFO] Loading AnnData: /Users/jjoseph/.tissuumaps/plugins/P2_CRC_annotated.h5ad
2025-10-30 10:17:52,307 [INFO] Rehydrating dataset from cached config.
2025-10-30 10:17:52,307 [INFO] Loading H&E image: /Users/jjoseph/.tissuumaps/plugins/he.tiff
2025-10-30 10:17:56,537 [INFO] Loading sparse labels: /Users/jjoseph/.tissuumaps/plugins/he.npz
2025-10-30 10:17:57,273 [INFO] Loading AnnData: /Users/jjoseph/.tissuumaps/plugins/P2_CRC_annotated.h5ad
2025-10-30 10:19:13,552 [INFO] Rehydrating dataset from cached config.
2025-10-30 10:19:13,553 [INFO] Loading H&E image: /Users/jjoseph/.tissuumaps/plugins/he.tiff
2025-10-30 10:19:17,363 [INFO] Loading sparse labels: /Users/jjoseph/.tissuumaps/plugins/he.npz
2025-10-30 10:19:17,990 [INFO] Loading AnnData: /Users/jjoseph/.tissuumaps/plugins/P2_CRC_annotated.h5ad
2025-10-30 11:14:34,929 [INFO] Dataset already loaded; reusing cached context.
2025-10-30 11:14:34,929 [INFO] Rehydrating dataset from cached config.
2025-10-30 11:14:34,929 [INFO] Loading H&E image: /Users/jjoseph/.tissuumaps/plugins/he.tiff
2025-10-30 11:14:38,790 [INFO] Loading sparse labels: /Users/jjoseph/.tissuumaps/plugins/he.npz
2025-10-30 11:14:39,567 [INFO] Loading AnnData: /Users/jjoseph/.tissuumaps/plugins/P2_CRC_annotated.h5ad
2025-10-30 11:20:10,130 [INFO] Dataset already loaded; reusing cached context.
2025-10-30 11:20:10,130 [INFO] Rehydrating dataset from cached config.
2025-10-30 11:20:10,131 [INFO] Loading H&E image: /Users/jjoseph/.tissuumaps/plugins/he.tiff
2025-10-30 11:20:13,561 [INFO] Loading sparse labels: /Users/jjoseph/.tissuumaps/plugins/he.npz
2025-10-30 11:20:14,218 [INFO] Loading AnnData: /Users/jjoseph/.tissuumaps/plugins/P2_CRC_annotated.h5ad
2025-10-30 11:23:01,731 [INFO] Dataset already loaded; reusing cached context.
2025-10-30 11:23:01,731 [INFO] Rehydrating dataset from cached config.
2025-10-30 11:23:01,731 [INFO] Loading H&E image: /Users/jjoseph/.tissuumaps/plugins/he.tiff
2025-10-30 11:23:04,941 [INFO] Loading sparse labels: /Users/jjoseph/.tissuumaps/plugins/he.npz
2025-10-30 11:23:05,503 [INFO] Loading AnnData: /Users/jjoseph/.tissuumaps/plugins/P2_CRC_annotated.h5ad
2025-10-30 11:25:21,888 [INFO] Dataset already loaded; reusing cached context.
2025-10-30 11:25:21,888 [INFO] Rehydrating dataset from cached config.
2025-10-30 11:25:21,888 [INFO] Loading H&E image: /Users/jjoseph/.tissuumaps/plugins/he.tiff
2025-10-30 11:25:25,760 [INFO] Loading sparse labels: /Users/jjoseph/.tissuumaps/plugins/he.npz
2025-10-30 11:25:26,490 [INFO] Loading AnnData: /Users/jjoseph/.tissuumaps/plugins/P2_CRC_annotated.h5ad
2025-10-30 11:32:24,352 [INFO] Dataset already loaded; reusing cached context.
2025-10-30 11:32:24,352 [INFO] Rehydrating dataset from cached config.
2025-10-30 11:32:24,352 [INFO] Loading H&E image: /Users/jjoseph/.tissuumaps/plugins/he.tiff
2025-10-30 11:32:27,752 [INFO] Loading sparse labels: /Users/jjoseph/.tissuumaps/plugins/he.npz
2025-10-30 11:32:28,333 [INFO] Loading AnnData: /Users/jjoseph/.tissuumaps/plugins/P2_CRC_annotated.h5ad
2025-10-30 11:32:51,515 [INFO] Loading H&E image: /Users/jjoseph/.tissuumaps/plugins/he.tiff
2025-10-30 11:32:54,844 [INFO] Loading sparse labels: /Users/jjoseph/.tissuumaps/plugins/he.npz
2025-10-30 11:32:55,517 [INFO] Loading AnnData: /Users/jjoseph/.tissuumaps/plugins/P2_CRC_annotated.h5ad
2025-10-30 11:32:57,767 [INFO] Dataset loaded successfully: 25 tiles
2025-10-30 11:33:16,315 [INFO] Loading H&E image: /Users/jjoseph/.tissuumaps/plugins/he.tiff
2025-10-30 11:33:19,761 [INFO] Loading sparse labels: /Users/jjoseph/.tissuumaps/plugins/he.npz
2025-10-30 11:33:20,521 [INFO] Loading AnnData: /Users/jjoseph/.tissuumaps/plugins/P2_CRC_annotated.h5ad
2025-10-30 11:33:22,942 [INFO] Dataset loaded successfully: 36 tiles
2025-10-30 11:40:07,623 [INFO] Loading H&E image: /Users/jjoseph/.tissuumaps/plugins/he.tiff
2025-10-30 11:40:11,580 [INFO] Loading sparse labels: /Users/jjoseph/.tissuumaps/plugins/he.npz
2025-10-30 11:40:12,292 [INFO] Loading AnnData: /Users/jjoseph/.tissuumaps/plugins/P2_CRC_annotated.h5ad
2025-10-30 11:40:15,114 [INFO] Dataset loaded successfully: 132 tiles
2025-10-30 11:40:47,548 [INFO] Rehydrating dataset from cached config.
2025-10-30 11:40:47,548 [INFO] Loading H&E image: /Users/jjoseph/.tissuumaps/plugins/he.tiff
2025-10-30 11:40:50,911 [INFO] Loading sparse labels: /Users/jjoseph/.tissuumaps/plugins/he.npz
2025-10-30 11:40:51,519 [INFO] Loading AnnData: /Users/jjoseph/.tissuumaps/plugins/P2_CRC_annotated.h5ad
2025-10-30 11:44:00,167 [INFO] Rehydrating dataset from cached config.
2025-10-30 11:44:00,167 [INFO] Loading H&E image: /Users/jjoseph/.tissuumaps/plugins/he.tiff
2025-10-30 11:44:03,535 [INFO] Loading sparse labels: /Users/jjoseph/.tissuumaps/plugins/he.npz
2025-10-30 11:44:04,292 [INFO] Loading AnnData: /Users/jjoseph/.tissuumaps/plugins/P2_CRC_annotated.h5ad
2025-10-30 11:45:39,501 [INFO] Rehydrating dataset from cached config.
2025-10-30 11:45:39,501 [INFO] Loading H&E image: /Users/jjoseph/.tissuumaps/plugins/he.tiff
2025-10-30 11:45:42,942 [INFO] Loading sparse labels: /Users/jjoseph/.tissuumaps/plugins/he.npz
2025-10-30 11:45:43,541 [INFO] Loading AnnData: /Users/jjoseph/.tissuumaps/plugins/P2_CRC_annotated.h5ad
2025-10-30 11:45:56,460 [INFO] Rehydrating dataset from cached config.
2025-10-30 11:45:56,461 [INFO] Loading H&E image: /Users/jjoseph/.tissuumaps/plugins/he.tiff
2025-10-30 11:46:07,101 [INFO] Loading sparse labels: /Users/jjoseph/.tissuumaps/plugins/he.npz
2025-10-30 11:46:11,740 [INFO] Loading AnnData: /Users/jjoseph/.tissuumaps/plugins/P2_CRC_annotated.h5ad
2025-10-30 12:08:32,655 [INFO] Loading H&E image: /Users/jjoseph/.tissuumaps/plugins/he.tiff
2025-10-30 12:08:35,782 [INFO] Loading sparse labels: /Users/jjoseph/.tissuumaps/plugins/he.npz
2025-10-30 12:08:36,444 [INFO] Loading AnnData: /Users/jjoseph/.tissuumaps/plugins/P2_CRC_annotated.h5ad
2025-10-30 12:08:38,567 [INFO] Dataset loaded successfully: 25 tiles
2025-10-30 12:09:21,923 [INFO] Rehydrating dataset from cached config.
2025-10-30 12:09:21,924 [INFO] Loading H&E image: /Users/jjoseph/.tissuumaps/plugins/he.tiff
2025-10-30 12:09:25,370 [INFO] Loading sparse labels: /Users/jjoseph/.tissuumaps/plugins/he.npz
2025-10-30 12:09:26,004 [INFO] Loading AnnData: /Users/jjoseph/.tissuumaps/plugins/P2_CRC_annotated.h5ad
2025-10-30 12:26:40,470 [INFO] Rehydrating dataset from cached config.
2025-10-30 12:26:40,471 [INFO] Loading H&E image: /Users/jjoseph/.tissuumaps/plugins/he.tiff
2025-10-30 12:26:41,353 [INFO] Rehydrating dataset from cached config.
2025-10-30 12:26:41,354 [INFO] Loading H&E image: /Users/jjoseph/.tissuumaps/plugins/he.tiff
2025-10-30 12:26:41,456 [INFO] Rehydrating dataset from cached config.
2025-10-30 12:26:41,457 [INFO] Loading H&E image: /Users/jjoseph/.tissuumaps/plugins/he.tiff
2025-10-30 12:27:09,833 [INFO] Loading sparse labels: /Users/jjoseph/.tissuumaps/plugins/he.npz
2025-10-30 12:27:10,271 [INFO] Loading sparse labels: /Users/jjoseph/.tissuumaps/plugins/he.npz
2025-10-30 12:27:10,392 [INFO] Loading sparse labels: /Users/jjoseph/.tissuumaps/plugins/he.npz
2025-10-30 12:27:15,969 [INFO] Loading AnnData: /Users/jjoseph/.tissuumaps/plugins/P2_CRC_annotated.h5ad
2025-10-30 12:27:15,969 [INFO] Loading AnnData: /Users/jjoseph/.tissuumaps/plugins/P2_CRC_annotated.h5ad
2025-10-30 12:27:15,983 [INFO] Loading AnnData: /Users/jjoseph/.tissuumaps/plugins/P2_CRC_annotated.h5ad
2025-10-31 05:04:51,510 [INFO] Loading H&E image: /Users/jjoseph/.tissuumaps/plugins/he.tiff
2025-10-31 05:04:54,978 [INFO] Loading sparse labels: /Users/jjoseph/.tissuumaps/plugins/he.npz
2025-10-31 05:04:55,701 [INFO] Loading AnnData: /Users/jjoseph/.tissuumaps/plugins/P2_CRC_annotated.h5ad
2025-10-31 05:04:57,981 [INFO] Dataset loaded successfully: 132 tiles
2025-10-31 05:05:19,949 [INFO] Loading H&E image: /Users/jjoseph/.tissuumaps/plugins/he.tiff
2025-10-31 05:05:23,362 [INFO] Loading sparse labels: /Users/jjoseph/.tissuumaps/plugins/he.npz
2025-10-31 05:05:23,929 [INFO] Loading AnnData: /Users/jjoseph/.tissuumaps/plugins/P2_CRC_annotated.h5ad
2025-10-31 05:05:26,217 [INFO] Dataset loaded successfully: 56 tiles
2025-10-31 05:05:34,844 [INFO] Loading H&E image: /Users/jjoseph/.tissuumaps/plugins/he.tiff
2025-10-31 05:05:38,080 [INFO] Loading sparse labels: /Users/jjoseph/.tissuumaps/plugins/he.npz
2025-10-31 05:05:38,644 [INFO] Loading AnnData: /Users/jjoseph/.tissuumaps/plugins/P2_CRC_annotated.h5ad
2025-10-31 05:05:41,139 [INFO] Dataset loaded successfully: 56 tiles
2025-10-31 05:07:33,869 [INFO] Rehydrating dataset from cached config.
2025-10-31 05:07:33,870 [INFO] Loading H&E image: /Users/jjoseph/.tissuumaps/plugins/he.tiff
2025-10-31 05:07:37,372 [INFO] Loading sparse labels: /Users/jjoseph/.tissuumaps/plugins/he.npz
2025-10-31 05:07:37,969 [INFO] Loading AnnData: /Users/jjoseph/.tissuumaps/plugins/P2_CRC_annotated.h5ad
2025-10-31 05:17:53,119 [INFO] Rehydrating dataset from cached config.
2025-10-31 05:17:53,120 [INFO] Loading H&E image: /Users/jjoseph/.tissuumaps/plugins/he.tiff
2025-10-31 05:17:56,686 [INFO] Loading sparse labels: /Users/jjoseph/.tissuumaps/plugins/he.npz
2025-10-31 05:17:57,585 [INFO] Loading AnnData: /Users/jjoseph/.tissuumaps/plugins/P2_CRC_annotated.h5ad
2025-10-31 05:28:33,249 [INFO] Loading H&E image: /Users/jjoseph/.tissuumaps/plugins/he.tiff
2025-10-31 05:28:36,742 [INFO] Loading sparse labels: /Users/jjoseph/.tissuumaps/plugins/he.npz
2025-10-31 05:28:37,300 [INFO] Loading AnnData: /Users/jjoseph/.tissuumaps/plugins/P2_CRC_annotated.h5ad
2025-10-31 05:28:39,546 [INFO] Dataset loaded successfully: 224 tiles
2025-10-31 05:29:42,242 [INFO] Rehydrating dataset from cached config.
2025-10-31 05:29:42,242 [INFO] Loading H&E image: /Users/jjoseph/.tissuumaps/plugins/he.tiff
2025-10-31 05:29:48,007 [INFO] Loading sparse labels: /Users/jjoseph/.tissuumaps/plugins/he.npz
2025-10-31 05:29:48,653 [INFO] Loading AnnData: /Users/jjoseph/.tissuumaps/plugins/P2_CRC_annotated.h5ad
2025-10-31 05:38:57,173 [INFO] Rehydrating dataset from cached config.
2025-10-31 05:38:57,174 [INFO] Loading H&E image: /Users/jjoseph/.tissuumaps/plugins/he.tiff
2025-10-31 05:39:00,601 [INFO] Loading sparse labels: /Users/jjoseph/.tissuumaps/plugins/he.npz
2025-10-31 05:39:01,239 [INFO] Loading AnnData: /Users/jjoseph/.tissuumaps/plugins/P2_CRC_annotated.h5ad
2025-10-31 05:39:47,074 [INFO] Rehydrating dataset from cached config.
2025-10-31 05:39:47,074 [INFO] Loading H&E image: /Users/jjoseph/.tissuumaps/plugins/he.tiff
2025-10-31 05:39:50,578 [INFO] Loading sparse labels: /Users/jjoseph/.tissuumaps/plugins/he.npz
2025-10-31 05:39:51,210 [INFO] Loading AnnData: /Users/jjoseph/.tissuumaps/plugins/P2_CRC_annotated.h5ad
2025-10-31 05:40:03,795 [INFO] Rehydrating dataset from cached config.
2025-10-31 05:40:03,795 [INFO] Loading H&E image: /Users/jjoseph/.tissuumaps/plugins/he.tiff
2025-10-31 08:16:02,379 [ERROR] Working outside of application context.

This typically means that you attempted to use functionality that needed
the current application. To solve this, set up an application context
with app.app_context(). See the documentation for more information.
Traceback (most recent call last):
  File "/Users/jjoseph/.tissuumaps/plugins/Bin2CellExplorer.py", line 534, in list_data_files
    return self._json_response(payload)
  File "/Users/jjoseph/.tissuumaps/plugins/Bin2CellExplorer.py", line 380, in _json_response
    return make_response(json.dumps(payload, default=_json_default), 200, {"Content-Type": "application/json"})
  File "/Users/jjoseph/.tissuumaps/.venv/lib/python3.9/site-packages/flask/helpers.py", line 192, in make_response
    return current_app.make_response(args)
  File "/Users/jjoseph/.tissuumaps/.venv/lib/python3.9/site-packages/werkzeug/local.py", line 318, in __get__
    obj = instance._get_current_object()
  File "/Users/jjoseph/.tissuumaps/.venv/lib/python3.9/site-packages/werkzeug/local.py", line 519, in _get_current_object
    raise RuntimeError(unbound_message) from None
RuntimeError: Working outside of application context.

This typically means that you attempted to use functionality that needed
the current application. To solve this, set up an application context
with app.app_context(). See the documentation for more information.
2025-10-31 08:36:46,900 [INFO] Loading H&E image: /Users/jjoseph/.tissuumaps
2025-10-31 08:36:46,901 [ERROR] Failed to load dataset: ImageIO does not generally support reading folders. Limited support may be available via specific plugins. Specify the plugin explicitly using the `plugin` kwarg, e.g. `plugin='DICOM'`
Traceback (most recent call last):
  File "/Users/jjoseph/.tissuumaps/plugins/Bin2CellExplorer.py", line 596, in load_dataset
    ctx = B2CContext(
  File "/Users/jjoseph/.tissuumaps/plugins/Bin2CellExplorer.py", line 98, in __init__
    self.he = io.imread(he_image_path)
  File "/Users/jjoseph/.tissuumaps/.venv/lib/python3.9/site-packages/skimage/io/_io.py", line 60, in imread
    img = call_plugin('imread', fname, plugin=plugin, **plugin_args)
  File "/Users/jjoseph/.tissuumaps/.venv/lib/python3.9/site-packages/skimage/io/manage_plugins.py", line 217, in call_plugin
    return func(*args, **kwargs)
  File "/Users/jjoseph/.tissuumaps/.venv/lib/python3.9/site-packages/skimage/io/_plugins/imageio_plugin.py", line 11, in imread
    out = np.asarray(imageio_imread(*args, **kwargs))
  File "/Users/jjoseph/.tissuumaps/.venv/lib/python3.9/site-packages/imageio/v3.py", line 53, in imread
    with imopen(uri, "r", **plugin_kwargs) as img_file:
  File "/Users/jjoseph/.tissuumaps/.venv/lib/python3.9/site-packages/imageio/core/imopen.py", line 223, in imopen
    raise err_type(err_msg)
OSError: ImageIO does not generally support reading folders. Limited support may be available via specific plugins. Specify the plugin explicitly using the `plugin` kwarg, e.g. `plugin='DICOM'`
2025-10-31 08:37:16,713 [INFO] Loading H&E image: /Users/jjoseph/.tissuumaps
2025-10-31 08:37:16,713 [ERROR] Failed to load dataset: ImageIO does not generally support reading folders. Limited support may be available via specific plugins. Specify the plugin explicitly using the `plugin` kwarg, e.g. `plugin='DICOM'`
Traceback (most recent call last):
  File "/Users/jjoseph/.tissuumaps/plugins/Bin2CellExplorer.py", line 596, in load_dataset
    ctx = B2CContext(
  File "/Users/jjoseph/.tissuumaps/plugins/Bin2CellExplorer.py", line 98, in __init__
    self.he = io.imread(he_image_path)
  File "/Users/jjoseph/.tissuumaps/.venv/lib/python3.9/site-packages/skimage/io/_io.py", line 60, in imread
    img = call_plugin('imread', fname, plugin=plugin, **plugin_args)
  File "/Users/jjoseph/.tissuumaps/.venv/lib/python3.9/site-packages/skimage/io/manage_plugins.py", line 217, in call_plugin
    return func(*args, **kwargs)
  File "/Users/jjoseph/.tissuumaps/.venv/lib/python3.9/site-packages/skimage/io/_plugins/imageio_plugin.py", line 11, in imread
    out = np.asarray(imageio_imread(*args, **kwargs))
  File "/Users/jjoseph/.tissuumaps/.venv/lib/python3.9/site-packages/imageio/v3.py", line 53, in imread
    with imopen(uri, "r", **plugin_kwargs) as img_file:
  File "/Users/jjoseph/.tissuumaps/.venv/lib/python3.9/site-packages/imageio/core/imopen.py", line 223, in imopen
    raise err_type(err_msg)
OSError: ImageIO does not generally support reading folders. Limited support may be available via specific plugins. Specify the plugin explicitly using the `plugin` kwarg, e.g. `plugin='DICOM'`
2025-10-31 08:39:24,948 [INFO] Loading H&E image: /Users/jjoseph/.tissuumaps/plugins/he.tiff
2025-10-31 08:39:25,195 [ERROR] <COMPRESSION.LZW: 5> requires the 'imagecodecs' package
Traceback (most recent call last):
  File "/Users/jjoseph/.tissuumaps/plugins/Bin2CellExplorer.py", line 598, in load_dataset
    ctx = B2CContext(
  File "/Users/jjoseph/.tissuumaps/plugins/Bin2CellExplorer.py", line 98, in __init__
    self.he = io.imread(he_image_path)
  File "/Users/jjoseph/.tissuumaps/.venv/lib/python3.9/site-packages/skimage/io/_io.py", line 60, in imread
    img = call_plugin('imread', fname, plugin=plugin, **plugin_args)
  File "/Users/jjoseph/.tissuumaps/.venv/lib/python3.9/site-packages/skimage/io/manage_plugins.py", line 217, in call_plugin
    return func(*args, **kwargs)
  File "/Users/jjoseph/.tissuumaps/.venv/lib/python3.9/site-packages/skimage/io/_plugins/tifffile_plugin.py", line 74, in imread
    return tifffile_imread(fname, **kwargs)
  File "/Users/jjoseph/.tissuumaps/.venv/lib/python3.9/site-packages/tifffile/tifffile.py", line 1273, in imread
    return tif.asarray(
  File "/Users/jjoseph/.tissuumaps/.venv/lib/python3.9/site-packages/tifffile/tifffile.py", line 4532, in asarray
    result = page0.asarray(
  File "/Users/jjoseph/.tissuumaps/.venv/lib/python3.9/site-packages/tifffile/tifffile.py", line 9471, in asarray
    for _ in self.segments(
  File "/Users/jjoseph/.tissuumaps/.venv/lib/python3.9/site-packages/tifffile/tifffile.py", line 9281, in segments
    yield from executor.map(decode, segments)
  File "/Library/Developer/CommandLineTools/Library/Frameworks/Python3.framework/Versions/3.9/lib/python3.9/concurrent/futures/_base.py", line 608, in result_iterator
    yield fs.pop().result()
  File "/Library/Developer/CommandLineTools/Library/Frameworks/Python3.framework/Versions/3.9/lib/python3.9/concurrent/futures/_base.py", line 438, in result
    return self.__get_result()
  File "/Library/Developer/CommandLineTools/Library/Frameworks/Python3.framework/Versions/3.9/lib/python3.9/concurrent/futures/_base.py", line 390, in __get_result
    raise self._exception
  File "/Library/Developer/CommandLineTools/Library/Frameworks/Python3.framework/Versions/3.9/lib/python3.9/concurrent/futures/thread.py", line 52, in run
    result = self.fn(*self.args, **self.kwargs)
  File "/Users/jjoseph/.tissuumaps/.venv/lib/python3.9/site-packages/tifffile/tifffile.py", line 9254, in decode
    return func(decode(*args, **decodeargs))  # type: ignore
  File "/Users/jjoseph/.tissuumaps/.venv/lib/python3.9/site-packages/tifffile/tifffile.py", line 8678, in decode_raise_compression
    raise ValueError(f'{exc}')
ValueError: <COMPRESSION.LZW: 5> requires the 'imagecodecs' package
2025-10-31 08:40:31,260 [INFO] Loading H&E image: /Users/jjoseph/.tissuumaps/plugins/he.tiff
2025-10-31 08:40:31,514 [ERROR] <COMPRESSION.LZW: 5> requires the 'imagecodecs' package
Traceback (most recent call last):
  File "/Users/jjoseph/.tissuumaps/plugins/Bin2CellExplorer.py", line 598, in load_dataset
    ctx = B2CContext(
  File "/Users/jjoseph/.tissuumaps/plugins/Bin2CellExplorer.py", line 98, in __init__
    self.he = io.imread(he_image_path)
  File "/Users/jjoseph/.tissuumaps/.venv/lib/python3.9/site-packages/skimage/io/_io.py", line 60, in imread
    img = call_plugin('imread', fname, plugin=plugin, **plugin_args)
  File "/Users/jjoseph/.tissuumaps/.venv/lib/python3.9/site-packages/skimage/io/manage_plugins.py", line 217, in call_plugin
    return func(*args, **kwargs)
  File "/Users/jjoseph/.tissuumaps/.venv/lib/python3.9/site-packages/skimage/io/_plugins/tifffile_plugin.py", line 74, in imread
    return tifffile_imread(fname, **kwargs)
  File "/Users/jjoseph/.tissuumaps/.venv/lib/python3.9/site-packages/tifffile/tifffile.py", line 1273, in imread
    return tif.asarray(
  File "/Users/jjoseph/.tissuumaps/.venv/lib/python3.9/site-packages/tifffile/tifffile.py", line 4532, in asarray
    result = page0.asarray(
  File "/Users/jjoseph/.tissuumaps/.venv/lib/python3.9/site-packages/tifffile/tifffile.py", line 9471, in asarray
    for _ in self.segments(
  File "/Users/jjoseph/.tissuumaps/.venv/lib/python3.9/site-packages/tifffile/tifffile.py", line 9281, in segments
    yield from executor.map(decode, segments)
  File "/Library/Developer/CommandLineTools/Library/Frameworks/Python3.framework/Versions/3.9/lib/python3.9/concurrent/futures/_base.py", line 608, in result_iterator
    yield fs.pop().result()
  File "/Library/Developer/CommandLineTools/Library/Frameworks/Python3.framework/Versions/3.9/lib/python3.9/concurrent/futures/_base.py", line 438, in result
    return self.__get_result()
  File "/Library/Developer/CommandLineTools/Library/Frameworks/Python3.framework/Versions/3.9/lib/python3.9/concurrent/futures/_base.py", line 390, in __get_result
    raise self._exception
  File "/Library/Developer/CommandLineTools/Library/Frameworks/Python3.framework/Versions/3.9/lib/python3.9/concurrent/futures/thread.py", line 52, in run
    result = self.fn(*self.args, **self.kwargs)
  File "/Users/jjoseph/.tissuumaps/.venv/lib/python3.9/site-packages/tifffile/tifffile.py", line 9254, in decode
    return func(decode(*args, **decodeargs))  # type: ignore
  File "/Users/jjoseph/.tissuumaps/.venv/lib/python3.9/site-packages/tifffile/tifffile.py", line 8678, in decode_raise_compression
    raise ValueError(f'{exc}')
ValueError: <COMPRESSION.LZW: 5> requires the 'imagecodecs' package
2025-10-31 08:41:42,242 [INFO] Dataset already loaded; reusing cached context.
2025-10-31 08:41:42,242 [INFO] Rehydrating dataset from cached config.
2025-10-31 08:41:42,242 [INFO] Loading H&E image: /Users/jjoseph/.tissuumaps/plugins/he.tiff
2025-10-31 08:41:45,879 [INFO] Loading sparse labels: /Users/jjoseph/.tissuumaps/plugins/he.npz
2025-10-31 08:41:46,254 [INFO] Loading AnnData: /Users/jjoseph/.tissuumaps/plugins/P2_CRC_annotated.h5ad
2025-10-31 08:42:02,714 [INFO] Rehydrating dataset from cached config.
2025-10-31 08:42:02,714 [INFO] Loading H&E image: /Users/jjoseph/.tissuumaps/plugins/he.tiff
2025-10-31 08:42:06,060 [INFO] Loading sparse labels: /Users/jjoseph/.tissuumaps/plugins/he.npz
2025-10-31 08:42:06,537 [INFO] Loading AnnData: /Users/jjoseph/.tissuumaps/plugins/P2_CRC_annotated.h5ad
2025-10-31 08:43:46,004 [INFO] Rehydrating dataset from cached config.
2025-10-31 08:43:46,004 [INFO] Loading H&E image: /Users/jjoseph/.tissuumaps/plugins/he.tiff
2025-10-31 08:43:49,758 [INFO] Loading sparse labels: /Users/jjoseph/.tissuumaps/plugins/he.npz
2025-10-31 08:43:50,150 [INFO] Loading AnnData: /Users/jjoseph/.tissuumaps/plugins/P2_CRC_annotated.h5ad
2025-10-31 08:45:37,271 [INFO] Rehydrating dataset from cached config.
2025-10-31 08:45:37,271 [INFO] Loading H&E image: /Users/jjoseph/.tissuumaps/plugins/he.tiff
2025-10-31 08:45:42,069 [INFO] Loading sparse labels: /Users/jjoseph/.tissuumaps/plugins/he.npz
2025-10-31 08:45:42,546 [INFO] Loading AnnData: /Users/jjoseph/.tissuumaps/plugins/P2_CRC_annotated.h5ad
2025-10-31 08:46:07,362 [ERROR] Failed to build overlay: _rgba_to_css() takes 1 positional argument but 2 were given
Traceback (most recent call last):
  File "/Users/jjoseph/.tissuumaps/plugins/Bin2CellExplorer.py", line 795, in get_overlay
    payload = self._prepare_obs_overlay(entry, params)
  File "/Users/jjoseph/.tissuumaps/plugins/Bin2CellExplorer.py", line 1031, in _prepare_obs_overlay
    cat_to_color = {cat: _rgba_to_css(cmap(i / max(1, len(categories_sorted) - 1)), overlay_alpha) for i, cat in enumerate(categories_sorted)}
  File "/Users/jjoseph/.tissuumaps/plugins/Bin2CellExplorer.py", line 1031, in <dictcomp>
    cat_to_color = {cat: _rgba_to_css(cmap(i / max(1, len(categories_sorted) - 1)), overlay_alpha) for i, cat in enumerate(categories_sorted)}
TypeError: _rgba_to_css() takes 1 positional argument but 2 were given
2025-10-31 08:51:59,945 [INFO] Dataset already loaded; reusing cached context.
2025-10-31 08:51:59,946 [INFO] Rehydrating dataset from cached config.
2025-10-31 08:51:59,946 [INFO] Loading H&E image: /Users/jjoseph/.tissuumaps/plugins/he.tiff
2025-10-31 08:52:03,186 [INFO] Loading sparse labels: /Users/jjoseph/.tissuumaps/plugins/he.npz
2025-10-31 08:52:03,589 [INFO] Loading AnnData: /Users/jjoseph/.tissuumaps/plugins/P2_CRC_annotated.h5ad
2025-10-31 08:52:03,751 [INFO] Dataset already loaded; reusing cached context.
2025-10-31 08:52:03,751 [INFO] Rehydrating dataset from cached config.
2025-10-31 08:52:03,751 [INFO] Loading H&E image: /Users/jjoseph/.tissuumaps/plugins/he.tiff
2025-10-31 08:52:08,004 [INFO] Loading sparse labels: /Users/jjoseph/.tissuumaps/plugins/he.npz
2025-10-31 08:52:08,349 [INFO] Loading AnnData: /Users/jjoseph/.tissuumaps/plugins/P2_CRC_annotated.h5ad
2025-10-31 08:52:24,155 [INFO] Rehydrating dataset from cached config.
2025-10-31 08:52:24,156 [INFO] Loading H&E image: /Users/jjoseph/.tissuumaps/plugins/he.tiff
2025-10-31 08:52:27,359 [INFO] Loading sparse labels: /Users/jjoseph/.tissuumaps/plugins/he.npz
2025-10-31 08:52:27,760 [INFO] Loading AnnData: /Users/jjoseph/.tissuumaps/plugins/P2_CRC_annotated.h5ad
2025-10-31 08:54:05,657 [INFO] Rehydrating dataset from cached config.
2025-10-31 08:54:05,657 [INFO] Loading H&E image: /Users/jjoseph/.tissuumaps/plugins/he.tiff
2025-10-31 08:54:09,475 [INFO] Loading sparse labels: /Users/jjoseph/.tissuumaps/plugins/he.npz
2025-10-31 08:54:09,815 [INFO] Loading AnnData: /Users/jjoseph/.tissuumaps/plugins/P2_CRC_annotated.h5ad
2025-10-31 08:55:29,205 [INFO] Rehydrating dataset from cached config.
2025-10-31 08:55:29,206 [INFO] Loading H&E image: /Users/jjoseph/.tissuumaps/plugins/he.tiff
2025-10-31 08:55:33,112 [INFO] Loading sparse labels: /Users/jjoseph/.tissuumaps/plugins/he.npz
2025-10-31 08:55:33,607 [INFO] Loading AnnData: /Users/jjoseph/.tissuumaps/plugins/P2_CRC_annotated.h5ad
2025-10-31 08:58:06,930 [INFO] Dataset already loaded; reusing cached context.
2025-10-31 08:58:06,930 [INFO] Rehydrating dataset from cached config.
2025-10-31 08:58:06,930 [INFO] Loading H&E image: /Users/jjoseph/.tissuumaps/plugins/he.tiff
2025-10-31 08:58:10,068 [INFO] Loading sparse labels: /Users/jjoseph/.tissuumaps/plugins/he.npz
2025-10-31 08:58:10,455 [INFO] Loading AnnData: /Users/jjoseph/.tissuumaps/plugins/P2_CRC_annotated.h5ad
2025-10-31 09:02:31,121 [INFO] Rehydrating dataset from cached config.
2025-10-31 09:02:31,121 [INFO] Loading H&E image: /Users/jjoseph/.tissuumaps/plugins/he.tiff
2025-10-31 09:02:34,612 [INFO] Loading sparse labels: /Users/jjoseph/.tissuumaps/plugins/he.npz
2025-10-31 09:02:35,286 [INFO] Loading AnnData: /Users/jjoseph/.tissuumaps/plugins/P2_CRC_annotated.h5ad
2025-10-31 09:02:44,101 [INFO] Rehydrating dataset from cached config.
2025-10-31 09:02:44,101 [INFO] Loading H&E image: /Users/jjoseph/.tissuumaps/plugins/he.tiff
2025-10-31 09:02:47,740 [INFO] Loading sparse labels: /Users/jjoseph/.tissuumaps/plugins/he.npz
2025-10-31 09:02:48,150 [INFO] Loading AnnData: /Users/jjoseph/.tissuumaps/plugins/P2_CRC_annotated.h5ad
2025-10-31 09:04:28,688 [INFO] Rehydrating dataset from cached config.
2025-10-31 09:04:28,689 [INFO] Loading H&E image: /Users/jjoseph/.tissuumaps/plugins/he.tiff
2025-10-31 09:04:32,266 [INFO] Loading sparse labels: /Users/jjoseph/.tissuumaps/plugins/he.npz
2025-10-31 09:04:32,750 [INFO] Loading AnnData: /Users/jjoseph/.tissuumaps/plugins/P2_CRC_annotated.h5ad
